<?xml version="1.0" encoding="UTF-8"?>
<!-- Generated by org.testng.reporters.JUnitReportReporter -->
<testsuite hostname="DESKTOP-7M048UE" failures="0" tests="1" name="pageFactory.pomHW9TestCase" time="6.024" errors="0" timestamp="04 May 2018 20:43:21 GMT" skipped="0">
  <testcase classname="pageFactory.pomHW9TestCase" name="OHRMLogin" time="6.024"/>
</testsuite> <!-- pageFactory.pomHW9TestCase -->
