<?xml version="1.0" encoding="UTF-8"?>
<!-- Generated by org.testng.reporters.JUnitReportReporter -->
<testsuite hostname="DESKTOP-7M048UE" failures="0" tests="1" name="crmproTestCase.crmproTestCaseEx" time="8.688" errors="0" timestamp="04 May 2018 20:52:39 GMT" skipped="0">
  <testcase classname="crmproTestCase.crmproTestCaseEx" name="testLogin" time="8.688"/>
</testsuite> <!-- crmproTestCase.crmproTestCaseEx -->
