<?xml version="1.0" encoding="UTF-8"?>
<!-- Generated by org.testng.reporters.JUnitReportReporter -->
<testsuite hostname="DESKTOP-7M048UE" failures="0" tests="2" name="testNG.DateProviderExercise" time="0.011" errors="0" timestamp="27 Apr 2018 02:04:11 GMT" skipped="0">
  <testcase classname="testNG.DateProviderExercise" name="practice" time="0.001"/>
  <testcase classname="testNG.DateProviderExercise" name="practice" time="0.010"/>
</testsuite> <!-- testNG.DateProviderExercise -->
