<?xml version="1.0" encoding="UTF-8"?>
<!-- Generated by org.testng.reporters.JUnitReportReporter -->
<testsuite hostname="DESKTOP-7M048UE" failures="0" tests="1" name="testNG.ClassNG" time="4.405" errors="0" timestamp="25 Apr 2018 00:28:58 GMT" skipped="0">
  <testcase classname="testNG.ClassNG" name="classNGmethod" time="4.405"/>
</testsuite> <!-- testNG.ClassNG -->
