<?xml version="1.0" encoding="UTF-8"?>
<!-- Generated by org.testng.reporters.JUnitReportReporter -->
<testsuite hostname="DESKTOP-7M048UE" failures="0" tests="3" name="testNG.TestNG5" time="0.011" errors="0" timestamp="25 Apr 2018 02:11:52 GMT" skipped="0">
  <testcase classname="testNG.TestNG5" name="prog3" time="0.001"/>
  <testcase classname="testNG.TestNG5" name="prog1" time="0.009"/>
  <testcase classname="testNG.TestNG5" name="prog2" time="0.001"/>
</testsuite> <!-- testNG.TestNG5 -->
