<?xml version="1.0" encoding="UTF-8"?>
<!-- Generated by org.testng.reporters.JUnitReportReporter -->
<testsuite hostname="DESKTOP-7M048UE" failures="0" tests="1" name="pageObjectInClass.testCaseEX" time="10.009" errors="0" timestamp="02 May 2018 01:38:02 GMT" skipped="0">
  <testcase classname="pageObjectInClass.testCaseEX" name="testLogin" time="10.009"/>
</testsuite> <!-- pageObjectInClass.testCaseEX -->
