<?xml version="1.0" encoding="UTF-8"?>
<!-- Generated by org.testng.reporters.JUnitReportReporter -->
<testsuite hostname="DESKTOP-7M048UE" failures="0" tests="1" name="pageFactory.PageFactoryInclass2" time="4.897" errors="0" timestamp="03 May 2018 01:06:21 GMT" skipped="0">
  <testcase classname="pageFactory.PageFactoryInclass2" name="OHRMLogin" time="4.897"/>
</testsuite> <!-- pageFactory.PageFactoryInclass2 -->
