<?xml version="1.0" encoding="UTF-8"?>
<!-- Generated by org.testng.reporters.JUnitReportReporter -->
<testsuite hostname="DESKTOP-7M048UE" failures="0" tests="2" name="xmlTest.XmlTest" time="0.011" errors="0" timestamp="27 Apr 2018 18:21:45 GMT" skipped="0">
  <testcase classname="xmlTest.XmlTest" name="xmlTest2" time="0.002"/>
  <testcase classname="xmlTest.XmlTest" name="xmlTest" time="0.009"/>
</testsuite> <!-- xmlTest.XmlTest -->
