<?xml version="1.0" encoding="UTF-8"?>
<!-- Generated by org.testng.reporters.JUnitReportReporter -->
<testsuite hostname="DESKTOP-7M048UE" failures="0" tests="1" name="pageFactory.pageFactoryInClass" time="5.467" errors="0" timestamp="03 May 2018 00:14:07 GMT" skipped="0">
  <testcase classname="pageFactory.pageFactoryInClass" name="testLogin" time="5.467"/>
</testsuite> <!-- pageFactory.pageFactoryInClass -->
