<?xml version="1.0" encoding="UTF-8"?>
<!-- Generated by org.testng.reporters.JUnitReportReporter -->
<testsuite hostname="DESKTOP-7M048UE" failures="0" tests="1" name="testNG.OrangeMehod1" time="3.258" errors="0" timestamp="25 Apr 2018 23:55:30 GMT" skipped="0">
  <testcase classname="testNG.OrangeMehod1" name="ORMLogin" time="3.258"/>
</testsuite> <!-- testNG.OrangeMehod1 -->
