<?xml version="1.0" encoding="UTF-8"?>
<!-- Generated by org.testng.reporters.JUnitReportReporter -->
<testsuite hostname="DESKTOP-7M048UE" failures="0" tests="2" name="newPackage.crossBrowserTesting" time="11.478" errors="0" timestamp="28 Apr 2018 21:09:09 GMT" skipped="0">
  <testcase classname="newPackage.crossBrowserTesting" name="verifyPage" time="7.082"/>
  <testcase classname="newPackage.crossBrowserTesting" name="verifyPage" time="4.396"/>
</testsuite> <!-- newPackage.crossBrowserTesting -->
