<?xml version="1.0" encoding="UTF-8"?>
<!-- Generated by org.testng.reporters.JUnitReportReporter -->
<testsuite hostname="DESKTOP-7M048UE" failures="0" tests="1" name="test2.TestXML2" time="0.001" errors="0" timestamp="27 Apr 2018 00:24:47 GMT" skipped="0">
  <testcase classname="test2.TestXML2" name="Tester" time="0.001"/>
</testsuite> <!-- test2.TestXML2 -->
