<?xml version="1.0" encoding="UTF-8"?>
<!-- Generated by org.testng.reporters.JUnitReportReporter -->
<testsuite hostname="DESKTOP-7M048UE" failures="0" tests="1" name="testNG.helloOne" time="0.005" errors="0" timestamp="26 Apr 2018 23:55:19 GMT" skipped="0">
  <testcase classname="testNG.helloOne" name="TestAnnotation" time="0.005"/>
</testsuite> <!-- testNG.helloOne -->
