<?xml version="1.0" encoding="UTF-8"?>
<!-- Generated by org.testng.reporters.JUnitReportReporter -->
<testsuite hostname="DESKTOP-7M048UE" failures="0" tests="2" name="allAnnotationPrac" time="0.007" errors="0" timestamp="01 May 2018 17:09:57 GMT" skipped="0">
  <testcase classname="allAnnotationPrac" name="testAnnotation2" time="0.003"/>
  <testcase classname="allAnnotationPrac" name="testAnnotation" time="0.004"/>
</testsuite> <!-- allAnnotationPrac -->
