<?xml version="1.0" encoding="UTF-8"?>
<!-- Generated by org.testng.reporters.JUnitReportReporter -->
<testsuite hostname="DESKTOP-7M048UE" failures="0" tests="1" name="newPackage.parameterXML" time="0.012" errors="0" timestamp="28 Apr 2018 16:29:25 GMT" skipped="0">
  <testcase classname="newPackage.parameterXML" name="param" time="0.012"/>
</testsuite> <!-- newPackage.parameterXML -->
