<?xml version="1.0" encoding="UTF-8"?>
<!-- Generated by org.testng.reporters.JUnitReportReporter -->
<testsuite hostname="DESKTOP-7M048UE" failures="0" tests="1" name="newPackage.organgeHRMlogin" time="9.431" errors="0" timestamp="01 May 2018 15:35:37 GMT" skipped="0">
  <testcase classname="newPackage.organgeHRMlogin" name="browser" time="9.431"/>
</testsuite> <!-- newPackage.organgeHRMlogin -->
