<?xml version="1.0" encoding="UTF-8"?>
<!-- Generated by org.testng.reporters.JUnitReportReporter -->
<testsuite hostname="DESKTOP-7M048UE" failures="0" tests="1" name="xmlTest.XmlTest" time="0.030" errors="0" timestamp="18 Aug 2018 18:58:21 GMT" skipped="0">
  <testcase classname="xmlTest.XmlTest" name="xmlTest" time="0.030"/>
</testsuite> <!-- xmlTest.XmlTest -->
